
> library(purrr)

> library(stringr)

> installPackage <- function(pkg) {
+     message("Attempting to install package ", pkg)
+     status <- tryCatch({
+         BiocManager::install(pkg, ask = FALSE)
+         status <- "success"
+     }, error = function(e) {
+         message("ERROR: FAILED TO INSTALL PACKAGE ", pkg)
+         message(conditionMessage(e))
+         return("FAILED")
+     })
+     message("----------------------------------------\n")
+     str_c(pkg, ": ", status)
+ }

> packages <- read_lines("Packages.txt")

> pkgs <- setdiff(packages, rownames(installed.packages()))

> map_chr(pkgs, installPackage)
Attempting to install package BiocParallel
Bioconductor version 3.21 (BiocManager 1.30.26), R 4.5.1 (2025-06-13)
Installing package(s) 'BiocVersion', 'BiocParallel'
also installing the dependencies ‘formatR’, ‘lambda.r’, ‘futile.options’, ‘futile.logger’, ‘snow’, ‘codetools’, ‘BH’

trying URL 'https://cloud.r-project.org/src/contrib/formatR_1.14.tar.gz'
trying URL 'https://cloud.r-project.org/src/contrib/lambda.r_1.2.4.tar.gz'
trying URL 'https://cloud.r-project.org/src/contrib/futile.options_1.0.1.tar.gz'
trying URL 'https://cloud.r-project.org/src/contrib/futile.logger_1.4.3.tar.gz'
trying URL 'https://cloud.r-project.org/src/contrib/snow_0.4-4.tar.gz'
trying URL 'https://cloud.r-project.org/src/contrib/codetools_0.2-20.tar.gz'
trying URL 'https://cloud.r-project.org/src/contrib/BH_1.87.0-1.tar.gz'
trying URL 'https://bioconductor.org/packages/3.21/bioc/src/contrib/BiocVersion_3.21.1.tar.gz'
trying URL 'https://bioconductor.org/packages/3.21/bioc/src/contrib/BiocParallel_1.42.2.tar.gz'

The downloaded source packages are in
	‘/tmp/Rtmpb4azFY/downloaded_packages’
Updating HTML index of packages in '.Library'
Making 'packages.html' ... done
Old packages: 'xml2'
trying URL 'https://cloud.r-project.org/src/contrib/xml2_1.4.1.tar.gz'
Content type 'application/x-gzip' length 153629 bytes (150 KB)
==================================================
downloaded 150 KB


The downloaded source packages are in
	‘/tmp/Rtmpb4azFY/downloaded_packages’
Updating HTML index of packages in '.Library'
Making 'packages.html' ... done
----------------------------------------

Attempting to install package DESeq2
Bioconductor version 3.21 (BiocManager 1.30.26), R 4.5.1 (2025-06-13)
Installing package(s) 'DESeq2'
also installing the dependencies ‘UCSC.utils’, ‘GenomeInfoDbData’, ‘abind’, ‘SparseArray’, ‘GenomeInfoDb’, ‘XVector’, ‘Matrix’, ‘S4Arrays’, ‘DelayedArray’, ‘lattice’, ‘S4Vectors’, ‘IRanges’, ‘GenomicRanges’, ‘SummarizedExperiment’, ‘BiocGenerics’, ‘Biobase’, ‘matrixStats’, ‘locfit’, ‘Rcpp’, ‘MatrixGenerics’, ‘RcppArmadillo’

trying URL 'https://bioconductor.org/packages/3.21/bioc/src/contrib/UCSC.utils_1.4.0.tar.gz'
trying URL 'https://bioconductor.org/packages/3.21/data/annotation/src/contrib/GenomeInfoDbData_1.2.14.tar.gz'
trying URL 'https://cloud.r-project.org/src/contrib/abind_1.4-8.tar.gz'
trying URL 'https://bioconductor.org/packages/3.21/bioc/src/contrib/SparseArray_1.8.1.tar.gz'
trying URL 'https://bioconductor.org/packages/3.21/bioc/src/contrib/GenomeInfoDb_1.44.3.tar.gz'
trying URL 'https://bioconductor.org/packages/3.21/bioc/src/contrib/XVector_0.48.0.tar.gz'
trying URL 'https://cloud.r-project.org/src/contrib/Matrix_1.7-4.tar.gz'
trying URL 'https://bioconductor.org/packages/3.21/bioc/src/contrib/S4Arrays_1.8.1.tar.gz'
trying URL 'https://bioconductor.org/packages/3.21/bioc/src/contrib/DelayedArray_0.34.1.tar.gz'
trying URL 'https://cloud.r-project.org/src/contrib/lattice_0.22-7.tar.gz'
trying URL 'https://bioconductor.org/packages/3.21/bioc/src/contrib/S4Vectors_0.46.0.tar.gz'
trying URL 'https://bioconductor.org/packages/3.21/bioc/src/contrib/IRanges_2.42.0.tar.gz'
trying URL 'https://bioconductor.org/packages/3.21/bioc/src/contrib/GenomicRanges_1.60.0.tar.gz'
trying URL 'https://bioconductor.org/packages/3.21/bioc/src/contrib/SummarizedExperiment_1.38.1.tar.gz'
trying URL 'https://bioconductor.org/packages/3.21/bioc/src/contrib/BiocGenerics_0.54.1.tar.gz'
trying URL 'https://bioconductor.org/packages/3.21/bioc/src/contrib/Biobase_2.68.0.tar.gz'
trying URL 'https://cloud.r-project.org/src/contrib/matrixStats_1.5.0.tar.gz'
trying URL 'https://cloud.r-project.org/src/contrib/locfit_1.5-9.12.tar.gz'
trying URL 'https://cloud.r-project.org/src/contrib/Rcpp_1.1.0.tar.gz'
trying URL 'https://bioconductor.org/packages/3.21/bioc/src/contrib/MatrixGenerics_1.20.0.tar.gz'
trying URL 'https://cloud.r-project.org/src/contrib/RcppArmadillo_15.0.2-2.tar.gz'
trying URL 'https://bioconductor.org/packages/3.21/bioc/src/contrib/DESeq2_1.48.2.tar.gz'

The downloaded source packages are in
	‘/tmp/Rtmpb4azFY/downloaded_packages’
Updating HTML index of packages in '.Library'
Making 'packages.html' ... done
Old packages: 'xml2'
trying URL 'https://cloud.r-project.org/src/contrib/xml2_1.4.1.tar.gz'
Content type 'application/x-gzip' length 153629 bytes (150 KB)
==================================================
downloaded 150 KB


The downloaded source packages are in
	‘/tmp/Rtmpb4azFY/downloaded_packages’
Updating HTML index of packages in '.Library'
Making 'packages.html' ... done
----------------------------------------

Attempting to install package DT
Bioconductor version 3.21 (BiocManager 1.30.26), R 4.5.1 (2025-06-13)
Installing package(s) 'DT'
also installing the dependencies ‘lazyeval’, ‘later’, ‘otel’, ‘crosstalk’, ‘htmlwidgets’, ‘promises’

trying URL 'https://cloud.r-project.org/src/contrib/lazyeval_0.2.2.tar.gz'
trying URL 'https://cloud.r-project.org/src/contrib/later_1.4.4.tar.gz'
trying URL 'https://cloud.r-project.org/src/contrib/otel_0.2.0.tar.gz'
trying URL 'https://cloud.r-project.org/src/contrib/crosstalk_1.2.2.tar.gz'
trying URL 'https://cloud.r-project.org/src/contrib/htmlwidgets_1.6.4.tar.gz'
trying URL 'https://cloud.r-project.org/src/contrib/promises_1.4.0.tar.gz'
trying URL 'https://cloud.r-project.org/src/contrib/DT_0.34.0.tar.gz'

The downloaded source packages are in
	‘/tmp/Rtmpb4azFY/downloaded_packages’
Updating HTML index of packages in '.Library'
Making 'packages.html' ... done
Old packages: 'xml2'
trying URL 'https://cloud.r-project.org/src/contrib/xml2_1.4.1.tar.gz'
Content type 'application/x-gzip' length 153629 bytes (150 KB)
==================================================
downloaded 150 KB


The downloaded source packages are in
	‘/tmp/Rtmpb4azFY/downloaded_packages’
Updating HTML index of packages in '.Library'
Making 'packages.html' ... done
----------------------------------------

Attempting to install package DropletUtils
Bioconductor version 3.21 (BiocManager 1.30.26), R 4.5.1 (2025-06-13)
Installing package(s) 'DropletUtils'
also installing the dependencies ‘statmod’, ‘sparseMatrixStats’, ‘h5mread’, ‘rhdf5filters’, ‘limma’, ‘R.oo’, ‘R.methodsS3’, ‘sitmo’, ‘assorthead’, ‘SingleCellExperiment’, ‘DelayedMatrixStats’, ‘HDF5Array’, ‘rhdf5’, ‘edgeR’, ‘R.utils’, ‘dqrng’, ‘beachmat’, ‘scuttle’, ‘Rhdf5lib’

trying URL 'https://cloud.r-project.org/src/contrib/statmod_1.5.1.tar.gz'
trying URL 'https://bioconductor.org/packages/3.21/bioc/src/contrib/sparseMatrixStats_1.20.0.tar.gz'
trying URL 'https://bioconductor.org/packages/3.21/bioc/src/contrib/h5mread_1.0.1.tar.gz'
trying URL 'https://bioconductor.org/packages/3.21/bioc/src/contrib/rhdf5filters_1.20.0.tar.gz'
trying URL 'https://bioconductor.org/packages/3.21/bioc/src/contrib/limma_3.64.3.tar.gz'
trying URL 'https://cloud.r-project.org/src/contrib/R.oo_1.27.1.tar.gz'
trying URL 'https://cloud.r-project.org/src/contrib/R.methodsS3_1.8.2.tar.gz'
trying URL 'https://cloud.r-project.org/src/contrib/sitmo_2.0.2.tar.gz'
trying URL 'https://bioconductor.org/packages/3.21/bioc/src/contrib/assorthead_1.2.0.tar.gz'
trying URL 'https://bioconductor.org/packages/3.21/bioc/src/contrib/SingleCellExperiment_1.30.1.tar.gz'
trying URL 'https://bioconductor.org/packages/3.21/bioc/src/contrib/DelayedMatrixStats_1.30.0.tar.gz'
trying URL 'https://bioconductor.org/packages/3.21/bioc/src/contrib/HDF5Array_1.36.0.tar.gz'
trying URL 'https://bioconductor.org/packages/3.21/bioc/src/contrib/rhdf5_2.52.1.tar.gz'
trying URL 'https://bioconductor.org/packages/3.21/bioc/src/contrib/edgeR_4.6.3.tar.gz'
trying URL 'https://cloud.r-project.org/src/contrib/R.utils_2.13.0.tar.gz'
trying URL 'https://cloud.r-project.org/src/contrib/dqrng_0.4.1.tar.gz'
trying URL 'https://bioconductor.org/packages/3.21/bioc/src/contrib/beachmat_2.24.0.tar.gz'
trying URL 'https://bioconductor.org/packages/3.21/bioc/src/contrib/scuttle_1.18.0.tar.gz'
trying URL 'https://bioconductor.org/packages/3.21/bioc/src/contrib/Rhdf5lib_1.30.0.tar.gz'
trying URL 'https://bioconductor.org/packages/3.21/bioc/src/contrib/DropletUtils_1.28.1.tar.gz'

The downloaded source packages are in
	‘/tmp/Rtmpb4azFY/downloaded_packages’
Updating HTML index of packages in '.Library'
Making 'packages.html' ... done
Old packages: 'xml2'
trying URL 'https://cloud.r-project.org/src/contrib/xml2_1.4.1.tar.gz'
Content type 'application/x-gzip' length 153629 bytes (150 KB)
==================================================
downloaded 150 KB


The downloaded source packages are in
	‘/tmp/Rtmpb4azFY/downloaded_packages’
Updating HTML index of packages in '.Library'
Making 'packages.html' ... done
----------------------------------------

Attempting to install package OmnipathR
Bioconductor version 3.21 (BiocManager 1.30.26), R 4.5.1 (2025-06-13)
Installing package(s) 'OmnipathR'
also installing the dependencies ‘plogr’, ‘checkmate’, ‘httr2’, ‘igraph’, ‘logger’, ‘RSQLite’, ‘sessioninfo’, ‘XML’, ‘zip’

trying URL 'https://cloud.r-project.org/src/contrib/plogr_0.2.0.tar.gz'
trying URL 'https://cloud.r-project.org/src/contrib/checkmate_2.3.3.tar.gz'
trying URL 'https://cloud.r-project.org/src/contrib/httr2_1.2.1.tar.gz'
trying URL 'https://cloud.r-project.org/src/contrib/igraph_2.2.1.tar.gz'
trying URL 'https://cloud.r-project.org/src/contrib/logger_0.4.1.tar.gz'
trying URL 'https://cloud.r-project.org/src/contrib/RSQLite_2.4.3.tar.gz'
trying URL 'https://cloud.r-project.org/src/contrib/sessioninfo_1.2.3.tar.gz'
trying URL 'https://cloud.r-project.org/src/contrib/XML_3.99-0.19.tar.gz'
trying URL 'https://cloud.r-project.org/src/contrib/zip_2.3.3.tar.gz'
trying URL 'https://bioconductor.org/packages/3.21/bioc/src/contrib/OmnipathR_3.16.2.tar.gz'

The downloaded source packages are in
	‘/tmp/Rtmpb4azFY/downloaded_packages’
Updating HTML index of packages in '.Library'
Making 'packages.html' ... done
Old packages: 'xml2'
trying URL 'https://cloud.r-project.org/src/contrib/xml2_1.4.1.tar.gz'
Content type 'application/x-gzip' length 153629 bytes (150 KB)
==================================================
downloaded 150 KB


The downloaded source packages are in
	‘/tmp/Rtmpb4azFY/downloaded_packages’
Updating HTML index of packages in '.Library'
Making 'packages.html' ... done
----------------------------------------

Attempting to install package Seurat
Bioconductor version 3.21 (BiocManager 1.30.26), R 4.5.1 (2025-06-13)
Installing package(s) 'Seurat'
also installing the dependencies ‘bitops’, ‘dotCall64’, ‘rprojroot’, ‘gtools’, ‘caTools’, ‘plyr’, ‘tensor’, ‘sp’, ‘spam’, ‘survival’, ‘globals’, ‘listenv’, ‘parallelly’, ‘zoo’, ‘RcppTOML’, ‘here’, ‘gplots’, ‘reshape2’, ‘gridExtra’, ‘httpuv’, ‘xtable’, ‘sourcetools’, ‘commonmark’, ‘spatstat.data’, ‘spatstat.univar’, ‘spatstat.random’, ‘nlme’, ‘spatstat.utils’, ‘spatstat.sparse’, ‘goftest’, ‘deldir’, ‘polyclip’, ‘FNN’, ‘SeuratObject’, ‘cluster’, ‘cowplot’, ‘fastDummies’, ‘fitdistrplus’, ‘future’, ‘future.apply’, ‘ggrepel’, ‘ggridges’, ‘ica’, ‘igraph’, ‘irlba’, ‘KernSmooth’, ‘leidenbase’, ‘lmtest’, ‘MASS’, ‘miniUI’, ‘patchwork’, ‘pbapply’, ‘plotly’, ‘png’, ‘progressr’, ‘RANN’, ‘RcppAnnoy’, ‘RcppHNSW’, ‘reticulate’, ‘ROCR’, ‘RSpectra’, ‘Rtsne’, ‘scattermore’, ‘sctransform’, ‘shiny’, ‘spatstat.explore’, ‘spatstat.geom’, ‘uwot’, ‘RcppEigen’, ‘RcppProgress’

trying URL 'https://cloud.r-project.org/src/contrib/bitops_1.0-9.tar.gz'
trying URL 'https://cloud.r-project.org/src/contrib/dotCall64_1.2.tar.gz'
trying URL 'https://cloud.r-project.org/src/contrib/rprojroot_2.1.1.tar.gz'
trying URL 'https://cloud.r-project.org/src/contrib/gtools_3.9.5.tar.gz'
trying URL 'https://cloud.r-project.org/src/contrib/caTools_1.18.3.tar.gz'
trying URL 'https://cloud.r-project.org/src/contrib/plyr_1.8.9.tar.gz'
trying URL 'https://cloud.r-project.org/src/contrib/tensor_1.5.1.tar.gz'
trying URL 'https://cloud.r-project.org/src/contrib/sp_2.2-0.tar.gz'
trying URL 'https://cloud.r-project.org/src/contrib/spam_2.11-1.tar.gz'
trying URL 'https://cloud.r-project.org/src/contrib/survival_3.8-3.tar.gz'
trying URL 'https://cloud.r-project.org/src/contrib/globals_0.18.0.tar.gz'
trying URL 'https://cloud.r-project.org/src/contrib/listenv_0.9.1.tar.gz'
trying URL 'https://cloud.r-project.org/src/contrib/parallelly_1.45.1.tar.gz'
trying URL 'https://cloud.r-project.org/src/contrib/zoo_1.8-14.tar.gz'
trying URL 'https://cloud.r-project.org/src/contrib/RcppTOML_0.2.3.tar.gz'
trying URL 'https://cloud.r-project.org/src/contrib/here_1.0.2.tar.gz'
trying URL 'https://cloud.r-project.org/src/contrib/gplots_3.2.0.tar.gz'
trying URL 'https://cloud.r-project.org/src/contrib/reshape2_1.4.4.tar.gz'
trying URL 'https://cloud.r-project.org/src/contrib/gridExtra_2.3.tar.gz'
trying URL 'https://cloud.r-project.org/src/contrib/httpuv_1.6.16.tar.gz'
trying URL 'https://cloud.r-project.org/src/contrib/xtable_1.8-4.tar.gz'
trying URL 'https://cloud.r-project.org/src/contrib/sourcetools_0.1.7-1.tar.gz'
trying URL 'https://cloud.r-project.org/src/contrib/commonmark_2.0.0.tar.gz'
trying URL 'https://cloud.r-project.org/src/contrib/spatstat.data_3.1-9.tar.gz'
trying URL 'https://cloud.r-project.org/src/contrib/spatstat.univar_3.1-4.tar.gz'
trying URL 'https://cloud.r-project.org/src/contrib/spatstat.random_3.4-2.tar.gz'
trying URL 'https://cloud.r-project.org/src/contrib/nlme_3.1-168.tar.gz'
trying URL 'https://cloud.r-project.org/src/contrib/spatstat.utils_3.2-0.tar.gz'
trying URL 'https://cloud.r-project.org/src/contrib/spatstat.sparse_3.1-0.tar.gz'
trying URL 'https://cloud.r-project.org/src/contrib/goftest_1.2-3.tar.gz'
trying URL 'https://cloud.r-project.org/src/contrib/deldir_2.0-4.tar.gz'
trying URL 'https://cloud.r-project.org/src/contrib/polyclip_1.10-7.tar.gz'
trying URL 'https://cloud.r-project.org/src/contrib/FNN_1.1.4.1.tar.gz'
trying URL 'https://cloud.r-project.org/src/contrib/SeuratObject_5.2.0.tar.gz'
trying URL 'https://cloud.r-project.org/src/contrib/cluster_2.1.8.1.tar.gz'
trying URL 'https://cloud.r-project.org/src/contrib/cowplot_1.2.0.tar.gz'
trying URL 'https://cloud.r-project.org/src/contrib/fastDummies_1.7.5.tar.gz'
trying URL 'https://cloud.r-project.org/src/contrib/fitdistrplus_1.2-4.tar.gz'
trying URL 'https://cloud.r-project.org/src/contrib/future_1.67.0.tar.gz'
trying URL 'https://cloud.r-project.org/src/contrib/future.apply_1.20.0.tar.gz'
trying URL 'https://cloud.r-project.org/src/contrib/ggrepel_0.9.6.tar.gz'
trying URL 'https://cloud.r-project.org/src/contrib/ggridges_0.5.7.tar.gz'
trying URL 'https://cloud.r-project.org/src/contrib/ica_1.0-3.tar.gz'
trying URL 'https://cloud.r-project.org/src/contrib/igraph_2.2.1.tar.gz'
trying URL 'https://cloud.r-project.org/src/contrib/irlba_2.3.5.1.tar.gz'
trying URL 'https://cloud.r-project.org/src/contrib/KernSmooth_2.23-26.tar.gz'
trying URL 'https://cloud.r-project.org/src/contrib/leidenbase_0.1.35.tar.gz'
trying URL 'https://cloud.r-project.org/src/contrib/lmtest_0.9-40.tar.gz'
trying URL 'https://cloud.r-project.org/src/contrib/MASS_7.3-65.tar.gz'
trying URL 'https://cloud.r-project.org/src/contrib/miniUI_0.1.2.tar.gz'
trying URL 'https://cloud.r-project.org/src/contrib/patchwork_1.3.2.tar.gz'
trying URL 'https://cloud.r-project.org/src/contrib/pbapply_1.7-4.tar.gz'
trying URL 'https://cloud.r-project.org/src/contrib/plotly_4.11.0.tar.gz'
trying URL 'https://cloud.r-project.org/src/contrib/png_0.1-8.tar.gz'
trying URL 'https://cloud.r-project.org/src/contrib/progressr_0.17.0.tar.gz'
trying URL 'https://cloud.r-project.org/src/contrib/RANN_2.6.2.tar.gz'
trying URL 'https://cloud.r-project.org/src/contrib/RcppAnnoy_0.0.22.tar.gz'
trying URL 'https://cloud.r-project.org/src/contrib/RcppHNSW_0.6.0.tar.gz'
trying URL 'https://cloud.r-project.org/src/contrib/reticulate_1.44.0.tar.gz'
trying URL 'https://cloud.r-project.org/src/contrib/ROCR_1.0-11.tar.gz'
trying URL 'https://cloud.r-project.org/src/contrib/RSpectra_0.16-2.tar.gz'
trying URL 'https://cloud.r-project.org/src/contrib/Rtsne_0.17.tar.gz'
trying URL 'https://cloud.r-project.org/src/contrib/scattermore_1.2.tar.gz'
trying URL 'https://cloud.r-project.org/src/contrib/sctransform_0.4.2.tar.gz'
trying URL 'https://cloud.r-project.org/src/contrib/shiny_1.11.1.tar.gz'
trying URL 'https://cloud.r-project.org/src/contrib/spatstat.explore_3.5-3.tar.gz'
trying URL 'https://cloud.r-project.org/src/contrib/spatstat.geom_3.6-0.tar.gz'
trying URL 'https://cloud.r-project.org/src/contrib/uwot_0.2.3.tar.gz'
trying URL 'https://cloud.r-project.org/src/contrib/RcppEigen_0.3.4.0.2.tar.gz'
trying URL 'https://cloud.r-project.org/src/contrib/RcppProgress_0.4.2.tar.gz'
trying URL 'https://cloud.r-project.org/src/contrib/Seurat_5.3.0.tar.gz'

The downloaded source packages are in
	‘/tmp/Rtmpb4azFY/downloaded_packages’
Updating HTML index of packages in '.Library'
Making 'packages.html' ... done
Old packages: 'xml2'
trying URL 'https://cloud.r-project.org/src/contrib/xml2_1.4.1.tar.gz'
Content type 'application/x-gzip' length 153629 bytes (150 KB)
==================================================
downloaded 150 KB


The downloaded source packages are in
	‘/tmp/Rtmpb4azFY/downloaded_packages’
Updating HTML index of packages in '.Library'
Making 'packages.html' ... done
----------------------------------------

Attempting to install package UpSetR
Bioconductor version 3.21 (BiocManager 1.30.26), R 4.5.1 (2025-06-13)
Installing package(s) 'UpSetR'
trying URL 'https://cloud.r-project.org/src/contrib/UpSetR_1.4.0.tar.gz'
Content type 'application/x-gzip' length 4194664 bytes (4.0 MB)
==================================================
downloaded 4.0 MB


The downloaded source packages are in
	‘/tmp/Rtmpb4azFY/downloaded_packages’
Updating HTML index of packages in '.Library'
Making 'packages.html' ... done
Old packages: 'xml2'
trying URL 'https://cloud.r-project.org/src/contrib/xml2_1.4.1.tar.gz'
Content type 'application/x-gzip' length 153629 bytes (150 KB)
==================================================
downloaded 150 KB


The downloaded source packages are in
	‘/tmp/Rtmpb4azFY/downloaded_packages’
Updating HTML index of packages in '.Library'
Making 'packages.html' ... done
----------------------------------------

Attempting to install package bluster
Bioconductor version 3.21 (BiocManager 1.30.26), R 4.5.1 (2025-06-13)
Installing package(s) 'bluster'
also installing the dependencies ‘igraph’, ‘BiocNeighbors’

trying URL 'https://cloud.r-project.org/src/contrib/igraph_2.2.1.tar.gz'
trying URL 'https://bioconductor.org/packages/3.21/bioc/src/contrib/BiocNeighbors_2.2.0.tar.gz'
trying URL 'https://bioconductor.org/packages/3.21/bioc/src/contrib/bluster_1.18.0.tar.gz'

The downloaded source packages are in
	‘/tmp/Rtmpb4azFY/downloaded_packages’
Updating HTML index of packages in '.Library'
Making 'packages.html' ... done
Old packages: 'xml2'
trying URL 'https://cloud.r-project.org/src/contrib/xml2_1.4.1.tar.gz'
Content type 'application/x-gzip' length 153629 bytes (150 KB)
==================================================
downloaded 150 KB


The downloaded source packages are in
	‘/tmp/Rtmpb4azFY/downloaded_packages’
Updating HTML index of packages in '.Library'
Making 'packages.html' ... done
----------------------------------------

Attempting to install package decoupleR
Bioconductor version 3.21 (BiocManager 1.30.26), R 4.5.1 (2025-06-13)
Installing package(s) 'decoupleR'
trying URL 'https://bioconductor.org/packages/3.21/bioc/src/contrib/decoupleR_2.14.0.tar.gz'
Content type 'application/x-gzip' length 5246125 bytes (5.0 MB)
==================================================
downloaded 5.0 MB


The downloaded source packages are in
	‘/tmp/Rtmpb4azFY/downloaded_packages’
Updating HTML index of packages in '.Library'
Making 'packages.html' ... done
Old packages: 'xml2'
trying URL 'https://cloud.r-project.org/src/contrib/xml2_1.4.1.tar.gz'
Content type 'application/x-gzip' length 153629 bytes (150 KB)
==================================================
downloaded 150 KB


The downloaded source packages are in
	‘/tmp/Rtmpb4azFY/downloaded_packages’
Updating HTML index of packages in '.Library'
Making 'packages.html' ... done
----------------------------------------

Attempting to install package devtools
Bioconductor version 3.21 (BiocManager 1.30.26), R 4.5.1 (2025-06-13)
Installing package(s) 'devtools'
also installing the dependencies ‘credentials’, ‘gitcreds’, ‘ini’, ‘diffobj’, ‘gert’, ‘gh’, ‘whisker’, ‘downlit’, ‘xopen’, ‘brew’, ‘brio’, ‘praise’, ‘waldo’, ‘usethis’, ‘desc’, ‘pkgbuild’, ‘pkgdown’, ‘pkgload’, ‘profvis’, ‘rcmdcheck’, ‘remotes’, ‘roxygen2’, ‘rversions’, ‘testthat’, ‘urlchecker’

trying URL 'https://cloud.r-project.org/src/contrib/credentials_2.0.3.tar.gz'
trying URL 'https://cloud.r-project.org/src/contrib/gitcreds_0.1.2.tar.gz'
trying URL 'https://cloud.r-project.org/src/contrib/ini_0.3.1.tar.gz'
trying URL 'https://cloud.r-project.org/src/contrib/diffobj_0.3.6.tar.gz'
trying URL 'https://cloud.r-project.org/src/contrib/gert_2.1.5.tar.gz'
trying URL 'https://cloud.r-project.org/src/contrib/gh_1.5.0.tar.gz'
trying URL 'https://cloud.r-project.org/src/contrib/whisker_0.4.1.tar.gz'
trying URL 'https://cloud.r-project.org/src/contrib/downlit_0.4.4.tar.gz'
trying URL 'https://cloud.r-project.org/src/contrib/xopen_1.0.1.tar.gz'
trying URL 'https://cloud.r-project.org/src/contrib/brew_1.0-10.tar.gz'
trying URL 'https://cloud.r-project.org/src/contrib/brio_1.1.5.tar.gz'
trying URL 'https://cloud.r-project.org/src/contrib/praise_1.0.0.tar.gz'
trying URL 'https://cloud.r-project.org/src/contrib/waldo_0.6.2.tar.gz'
trying URL 'https://cloud.r-project.org/src/contrib/usethis_3.2.1.tar.gz'
trying URL 'https://cloud.r-project.org/src/contrib/desc_1.4.3.tar.gz'
trying URL 'https://cloud.r-project.org/src/contrib/pkgbuild_1.4.8.tar.gz'
trying URL 'https://cloud.r-project.org/src/contrib/pkgdown_2.1.3.tar.gz'
trying URL 'https://cloud.r-project.org/src/contrib/pkgload_1.4.1.tar.gz'
trying URL 'https://cloud.r-project.org/src/contrib/profvis_0.4.0.tar.gz'
trying URL 'https://cloud.r-project.org/src/contrib/rcmdcheck_1.4.0.tar.gz'
trying URL 'https://cloud.r-project.org/src/contrib/remotes_2.5.0.tar.gz'
trying URL 'https://cloud.r-project.org/src/contrib/roxygen2_7.3.3.tar.gz'
trying URL 'https://cloud.r-project.org/src/contrib/rversions_3.0.0.tar.gz'
trying URL 'https://cloud.r-project.org/src/contrib/testthat_3.2.3.tar.gz'
trying URL 'https://cloud.r-project.org/src/contrib/urlchecker_1.0.1.tar.gz'
trying URL 'https://cloud.r-project.org/src/contrib/devtools_2.4.6.tar.gz'

The downloaded source packages are in
	‘/tmp/Rtmpb4azFY/downloaded_packages’
Updating HTML index of packages in '.Library'
Making 'packages.html' ... done
Old packages: 'xml2'
trying URL 'https://cloud.r-project.org/src/contrib/xml2_1.4.1.tar.gz'
Content type 'application/x-gzip' length 153629 bytes (150 KB)
==================================================
downloaded 150 KB


The downloaded source packages are in
	‘/tmp/Rtmpb4azFY/downloaded_packages’
Updating HTML index of packages in '.Library'
Making 'packages.html' ... done
----------------------------------------

Attempting to install package furrr
Bioconductor version 3.21 (BiocManager 1.30.26), R 4.5.1 (2025-06-13)
Installing package(s) 'furrr'
trying URL 'https://cloud.r-project.org/src/contrib/furrr_0.3.1.tar.gz'
Content type 'application/x-gzip' length 907668 bytes (886 KB)
==================================================
downloaded 886 KB


The downloaded source packages are in
	‘/tmp/Rtmpb4azFY/downloaded_packages’
Updating HTML index of packages in '.Library'
Making 'packages.html' ... done
Old packages: 'xml2'
trying URL 'https://cloud.r-project.org/src/contrib/xml2_1.4.1.tar.gz'
Content type 'application/x-gzip' length 153629 bytes (150 KB)
==================================================
downloaded 150 KB


The downloaded source packages are in
	‘/tmp/Rtmpb4azFY/downloaded_packages’
Updating HTML index of packages in '.Library'
Making 'packages.html' ... done
----------------------------------------

Attempting to install package ggdendro
Bioconductor version 3.21 (BiocManager 1.30.26), R 4.5.1 (2025-06-13)
Installing package(s) 'ggdendro'
trying URL 'https://cloud.r-project.org/src/contrib/ggdendro_0.2.0.tar.gz'
Content type 'application/x-gzip' length 167818 bytes (163 KB)
==================================================
downloaded 163 KB


The downloaded source packages are in
	‘/tmp/Rtmpb4azFY/downloaded_packages’
Updating HTML index of packages in '.Library'
Making 'packages.html' ... done
Old packages: 'xml2'
trying URL 'https://cloud.r-project.org/src/contrib/xml2_1.4.1.tar.gz'
Content type 'application/x-gzip' length 153629 bytes (150 KB)
==================================================
downloaded 150 KB


The downloaded source packages are in
	‘/tmp/Rtmpb4azFY/downloaded_packages’
Updating HTML index of packages in '.Library'
Making 'packages.html' ... done
----------------------------------------

Attempting to install package ggfortify
Bioconductor version 3.21 (BiocManager 1.30.26), R 4.5.1 (2025-06-13)
Installing package(s) 'ggfortify'
trying URL 'https://cloud.r-project.org/src/contrib/ggfortify_0.4.19.tar.gz'
Content type 'application/x-gzip' length 85369 bytes (83 KB)
==================================================
downloaded 83 KB


The downloaded source packages are in
	‘/tmp/Rtmpb4azFY/downloaded_packages’
Updating HTML index of packages in '.Library'
Making 'packages.html' ... done
Old packages: 'xml2'
trying URL 'https://cloud.r-project.org/src/contrib/xml2_1.4.1.tar.gz'
Content type 'application/x-gzip' length 153629 bytes (150 KB)
==================================================
downloaded 150 KB


The downloaded source packages are in
	‘/tmp/Rtmpb4azFY/downloaded_packages’
Updating HTML index of packages in '.Library'
Making 'packages.html' ... done
----------------------------------------

Attempting to install package ggprism
Bioconductor version 3.21 (BiocManager 1.30.26), R 4.5.1 (2025-06-13)
Installing package(s) 'ggprism'
trying URL 'https://cloud.r-project.org/src/contrib/ggprism_1.0.7.tar.gz'
Content type 'application/x-gzip' length 2804697 bytes (2.7 MB)
==================================================
downloaded 2.7 MB


The downloaded source packages are in
	‘/tmp/Rtmpb4azFY/downloaded_packages’
Updating HTML index of packages in '.Library'
Making 'packages.html' ... done
Old packages: 'xml2'
trying URL 'https://cloud.r-project.org/src/contrib/xml2_1.4.1.tar.gz'
Content type 'application/x-gzip' length 153629 bytes (150 KB)
==================================================
downloaded 150 KB


The downloaded source packages are in
	‘/tmp/Rtmpb4azFY/downloaded_packages’
Updating HTML index of packages in '.Library'
Making 'packages.html' ... done
----------------------------------------

Attempting to install package ggrepel
Bioconductor version 3.21 (BiocManager 1.30.26), R 4.5.1 (2025-06-13)
Old packages: 'xml2'
trying URL 'https://cloud.r-project.org/src/contrib/xml2_1.4.1.tar.gz'
Content type 'application/x-gzip' length 153629 bytes (150 KB)
==================================================
downloaded 150 KB


The downloaded source packages are in
	‘/tmp/Rtmpb4azFY/downloaded_packages’
Updating HTML index of packages in '.Library'
Making 'packages.html' ... done
----------------------------------------

Attempting to install package ggvenn
Bioconductor version 3.21 (BiocManager 1.30.26), R 4.5.1 (2025-06-13)
Installing package(s) 'ggvenn'
trying URL 'https://cloud.r-project.org/src/contrib/ggvenn_0.1.19.tar.gz'
Content type 'application/x-gzip' length 21350 bytes (20 KB)
==================================================
downloaded 20 KB


The downloaded source packages are in
	‘/tmp/Rtmpb4azFY/downloaded_packages’
Updating HTML index of packages in '.Library'
Making 'packages.html' ... done
Old packages: 'xml2'
trying URL 'https://cloud.r-project.org/src/contrib/xml2_1.4.1.tar.gz'
Content type 'application/x-gzip' length 153629 bytes (150 KB)
==================================================
downloaded 150 KB


The downloaded source packages are in
	‘/tmp/Rtmpb4azFY/downloaded_packages’
Updating HTML index of packages in '.Library'
Making 'packages.html' ... done
----------------------------------------

Attempting to install package kableExtra
Bioconductor version 3.21 (BiocManager 1.30.26), R 4.5.1 (2025-06-13)
Installing package(s) 'kableExtra'
also installing the dependency ‘svglite’

trying URL 'https://cloud.r-project.org/src/contrib/svglite_2.2.2.tar.gz'
trying URL 'https://cloud.r-project.org/src/contrib/kableExtra_1.4.0.tar.gz'

The downloaded source packages are in
	‘/tmp/Rtmpb4azFY/downloaded_packages’
Updating HTML index of packages in '.Library'
Making 'packages.html' ... done
Old packages: 'xml2'
trying URL 'https://cloud.r-project.org/src/contrib/xml2_1.4.1.tar.gz'
Content type 'application/x-gzip' length 153629 bytes (150 KB)
==================================================
downloaded 150 KB


The downloaded source packages are in
	‘/tmp/Rtmpb4azFY/downloaded_packages’
Updating HTML index of packages in '.Library'
Making 'packages.html' ... done
----------------------------------------

Attempting to install package MAST
Bioconductor version 3.21 (BiocManager 1.30.26), R 4.5.1 (2025-06-13)
Installing package(s) 'MAST'
trying URL 'https://bioconductor.org/packages/3.21/bioc/src/contrib/MAST_1.33.0.tar.gz'
Content type 'application/x-gzip' length 7619354 bytes (7.3 MB)
==================================================
downloaded 7.3 MB


The downloaded source packages are in
	‘/tmp/Rtmpb4azFY/downloaded_packages’
Updating HTML index of packages in '.Library'
Making 'packages.html' ... done
Old packages: 'xml2'
trying URL 'https://cloud.r-project.org/src/contrib/xml2_1.4.1.tar.gz'
Content type 'application/x-gzip' length 153629 bytes (150 KB)
==================================================
downloaded 150 KB


The downloaded source packages are in
	‘/tmp/Rtmpb4azFY/downloaded_packages’
Updating HTML index of packages in '.Library'
Making 'packages.html' ... done
----------------------------------------

Attempting to install package miloR
Bioconductor version 3.21 (BiocManager 1.30.26), R 4.5.1 (2025-06-13)
Installing package(s) 'miloR'
also installing the dependencies ‘tweenr’, ‘ScaledMatrix’, ‘rsvd’, ‘ggforce’, ‘viridis’, ‘tidygraph’, ‘graphlayouts’, ‘beeswarm’, ‘vipor’, ‘igraph’, ‘BiocSingular’, ‘ggraph’, ‘ggbeeswarm’, ‘pracma’, ‘numDeriv’, ‘RcppML’

trying URL 'https://cloud.r-project.org/src/contrib/tweenr_2.0.3.tar.gz'
trying URL 'https://bioconductor.org/packages/3.21/bioc/src/contrib/ScaledMatrix_1.16.0.tar.gz'
trying URL 'https://cloud.r-project.org/src/contrib/rsvd_1.0.5.tar.gz'
trying URL 'https://cloud.r-project.org/src/contrib/ggforce_0.5.0.tar.gz'
trying URL 'https://cloud.r-project.org/src/contrib/viridis_0.6.5.tar.gz'
trying URL 'https://cloud.r-project.org/src/contrib/tidygraph_1.3.1.tar.gz'
trying URL 'https://cloud.r-project.org/src/contrib/graphlayouts_1.2.2.tar.gz'
trying URL 'https://cloud.r-project.org/src/contrib/beeswarm_0.4.0.tar.gz'
trying URL 'https://cloud.r-project.org/src/contrib/vipor_0.4.7.tar.gz'
trying URL 'https://cloud.r-project.org/src/contrib/igraph_2.2.1.tar.gz'
trying URL 'https://bioconductor.org/packages/3.21/bioc/src/contrib/BiocSingular_1.24.0.tar.gz'
trying URL 'https://cloud.r-project.org/src/contrib/ggraph_2.2.2.tar.gz'
trying URL 'https://cloud.r-project.org/src/contrib/ggbeeswarm_0.7.2.tar.gz'
trying URL 'https://cloud.r-project.org/src/contrib/pracma_2.4.6.tar.gz'
trying URL 'https://cloud.r-project.org/src/contrib/numDeriv_2016.8-1.1.tar.gz'
trying URL 'https://cloud.r-project.org/src/contrib/RcppML_0.3.7.tar.gz'
trying URL 'https://bioconductor.org/packages/3.21/bioc/src/contrib/miloR_2.4.1.tar.gz'

The downloaded source packages are in
	‘/tmp/Rtmpb4azFY/downloaded_packages’
Updating HTML index of packages in '.Library'
Making 'packages.html' ... done
Old packages: 'xml2'
trying URL 'https://cloud.r-project.org/src/contrib/xml2_1.4.1.tar.gz'
Content type 'application/x-gzip' length 153629 bytes (150 KB)
==================================================
downloaded 150 KB


The downloaded source packages are in
	‘/tmp/Rtmpb4azFY/downloaded_packages’
Updating HTML index of packages in '.Library'
Making 'packages.html' ... done
----------------------------------------

Attempting to install package org.mm.eg.db
Bioconductor version 3.21 (BiocManager 1.30.26), R 4.5.1 (2025-06-13)
Installing package(s) 'org.mm.eg.db'
Old packages: 'xml2'
trying URL 'https://cloud.r-project.org/src/contrib/xml2_1.4.1.tar.gz'
Content type 'application/x-gzip' length 153629 bytes (150 KB)
==================================================
downloaded 150 KB


The downloaded source packages are in
	‘/tmp/Rtmpb4azFY/downloaded_packages’
Updating HTML index of packages in '.Library'
Making 'packages.html' ... done
----------------------------------------

Attempting to install package patchwork
Bioconductor version 3.21 (BiocManager 1.30.26), R 4.5.1 (2025-06-13)
Old packages: 'xml2'
trying URL 'https://cloud.r-project.org/src/contrib/xml2_1.4.1.tar.gz'
Content type 'application/x-gzip' length 153629 bytes (150 KB)
==================================================
downloaded 150 KB


The downloaded source packages are in
	‘/tmp/Rtmpb4azFY/downloaded_packages’
Updating HTML index of packages in '.Library'
Making 'packages.html' ... done
----------------------------------------

Attempting to install package pheatmap
Bioconductor version 3.21 (BiocManager 1.30.26), R 4.5.1 (2025-06-13)
Installing package(s) 'pheatmap'
trying URL 'https://cloud.r-project.org/src/contrib/pheatmap_1.0.13.tar.gz'
Content type 'application/x-gzip' length 15162 bytes (14 KB)
==================================================
downloaded 14 KB


The downloaded source packages are in
	‘/tmp/Rtmpb4azFY/downloaded_packages’
Updating HTML index of packages in '.Library'
Making 'packages.html' ... done
Old packages: 'xml2'
trying URL 'https://cloud.r-project.org/src/contrib/xml2_1.4.1.tar.gz'
Content type 'application/x-gzip' length 153629 bytes (150 KB)
==================================================
downloaded 150 KB


The downloaded source packages are in
	‘/tmp/Rtmpb4azFY/downloaded_packages’
Updating HTML index of packages in '.Library'
Making 'packages.html' ... done
----------------------------------------

Attempting to install package scater
Bioconductor version 3.21 (BiocManager 1.30.26), R 4.5.1 (2025-06-13)
Installing package(s) 'scater'
also installing the dependencies ‘Cairo’, ‘ggrastr’

trying URL 'https://cloud.r-project.org/src/contrib/Cairo_1.6-5.tar.gz'
trying URL 'https://cloud.r-project.org/src/contrib/ggrastr_1.0.2.tar.gz'
trying URL 'https://bioconductor.org/packages/3.21/bioc/src/contrib/scater_1.36.0.tar.gz'

The downloaded source packages are in
	‘/tmp/Rtmpb4azFY/downloaded_packages’
Updating HTML index of packages in '.Library'
Making 'packages.html' ... done
Old packages: 'xml2'
trying URL 'https://cloud.r-project.org/src/contrib/xml2_1.4.1.tar.gz'
Content type 'application/x-gzip' length 153629 bytes (150 KB)
==================================================
downloaded 150 KB


The downloaded source packages are in
	‘/tmp/Rtmpb4azFY/downloaded_packages’
Updating HTML index of packages in '.Library'
Making 'packages.html' ... done
----------------------------------------

Attempting to install package scran
Bioconductor version 3.21 (BiocManager 1.30.26), R 4.5.1 (2025-06-13)
Installing package(s) 'scran'
also installing the dependencies ‘igraph’, ‘bluster’, ‘metapod’

trying URL 'https://cloud.r-project.org/src/contrib/igraph_2.2.1.tar.gz'
trying URL 'https://bioconductor.org/packages/3.21/bioc/src/contrib/bluster_1.18.0.tar.gz'
trying URL 'https://bioconductor.org/packages/3.21/bioc/src/contrib/metapod_1.16.0.tar.gz'
trying URL 'https://bioconductor.org/packages/3.21/bioc/src/contrib/scran_1.36.0.tar.gz'

The downloaded source packages are in
	‘/tmp/Rtmpb4azFY/downloaded_packages’
Updating HTML index of packages in '.Library'
Making 'packages.html' ... done
Old packages: 'xml2'
trying URL 'https://cloud.r-project.org/src/contrib/xml2_1.4.1.tar.gz'
Content type 'application/x-gzip' length 153629 bytes (150 KB)
==================================================
downloaded 150 KB


The downloaded source packages are in
	‘/tmp/Rtmpb4azFY/downloaded_packages’
Updating HTML index of packages in '.Library'
Making 'packages.html' ... done
----------------------------------------

Attempting to install package svglite
Bioconductor version 3.21 (BiocManager 1.30.26), R 4.5.1 (2025-06-13)
Old packages: 'xml2'
trying URL 'https://cloud.r-project.org/src/contrib/xml2_1.4.1.tar.gz'
Content type 'application/x-gzip' length 153629 bytes (150 KB)
==================================================
downloaded 150 KB


The downloaded source packages are in
	‘/tmp/Rtmpb4azFY/downloaded_packages’
Updating HTML index of packages in '.Library'
Making 'packages.html' ... done
----------------------------------------

Attempting to install package umap
Bioconductor version 3.21 (BiocManager 1.30.26), R 4.5.1 (2025-06-13)
Installing package(s) 'umap'
trying URL 'https://cloud.r-project.org/src/contrib/umap_0.2.10.0.tar.gz'
Content type 'application/x-gzip' length 82451 bytes (80 KB)
==================================================
downloaded 80 KB


The downloaded source packages are in
	‘/tmp/Rtmpb4azFY/downloaded_packages’
Updating HTML index of packages in '.Library'
Making 'packages.html' ... done
Old packages: 'xml2'
trying URL 'https://cloud.r-project.org/src/contrib/xml2_1.4.1.tar.gz'
Content type 'application/x-gzip' length 153629 bytes (150 KB)
==================================================
downloaded 150 KB


The downloaded source packages are in
	‘/tmp/Rtmpb4azFY/downloaded_packages’
Updating HTML index of packages in '.Library'
Making 'packages.html' ... done
----------------------------------------

Attempting to install package velociraptor
Bioconductor version 3.21 (BiocManager 1.30.26), R 4.5.1 (2025-06-13)
Installing package(s) 'velociraptor'
also installing the dependencies ‘filelock’, ‘dir.expiry’, ‘basilisk.utils’, ‘basilisk’, ‘zellkonverter’

trying URL 'https://cloud.r-project.org/src/contrib/filelock_1.0.3.tar.gz'
trying URL 'https://bioconductor.org/packages/3.21/bioc/src/contrib/dir.expiry_1.16.0.tar.gz'
trying URL 'https://bioconductor.org/packages/3.21/bioc/src/contrib/basilisk.utils_1.20.0.tar.gz'
trying URL 'https://bioconductor.org/packages/3.21/bioc/src/contrib/basilisk_1.20.0.tar.gz'
trying URL 'https://bioconductor.org/packages/3.21/bioc/src/contrib/zellkonverter_1.18.0.tar.gz'
trying URL 'https://bioconductor.org/packages/3.21/bioc/src/contrib/velociraptor_1.18.0.tar.gz'

The downloaded source packages are in
	‘/tmp/Rtmpb4azFY/downloaded_packages’
Updating HTML index of packages in '.Library'
Making 'packages.html' ... done
Old packages: 'xml2'
trying URL 'https://cloud.r-project.org/src/contrib/xml2_1.4.1.tar.gz'
Content type 'application/x-gzip' length 153629 bytes (150 KB)
==================================================
downloaded 150 KB


The downloaded source packages are in
	‘/tmp/Rtmpb4azFY/downloaded_packages’
Updating HTML index of packages in '.Library'
Making 'packages.html' ... done
----------------------------------------

 [1] "BiocParallel: success" "DESeq2: success"       "DT: success"          
 [4] "DropletUtils: success" "OmnipathR: success"    "Seurat: success"      
 [7] "UpSetR: success"       "bluster: success"      "decoupleR: success"   
[10] "devtools: success"     "furrr: success"        "ggdendro: success"    
[13] "ggfortify: success"    "ggprism: success"      "ggrepel: success"     
[16] "ggvenn: success"       "kableExtra: success"   "MAST: success"        
[19] "miloR: success"        "org.mm.eg.db: success" "patchwork: success"   
[22] "pheatmap: success"     "scater: success"       "scran: success"       
[25] "svglite: success"      "umap: success"         "velociraptor: success"
There were 50 or more warnings (use warnings() to see the first 50)
